<html>
<head>
<title>TestNG:  WebAppTests</title>
<link href="../testng.css" rel="stylesheet" type="text/css" />
<link href="../my-testng.css" rel="stylesheet" type="text/css" />

<style type="text/css">
.log { display: none;} 
.stack-trace { display: none;} 
</style>
<script type="text/javascript">
<!--
function flip(e) {
  current = e.style.display;
  if (current == 'block') {
    e.style.display = 'none';
    return 0;
  }
  else {
    e.style.display = 'block';
    return 1;
  }
}

function toggleBox(szDivId, elem, msg1, msg2)
{
  var res = -1;  if (document.getElementById) {
    res = flip(document.getElementById(szDivId));
  }
  else if (document.all) {
    // this is the way old msie versions work
    res = flip(document.all[szDivId]);
  }
  if(elem) {
    if(res == 0) elem.innerHTML = msg1; else elem.innerHTML = msg2;
  }

}

function toggleAllBoxes() {
  if (document.getElementsByTagName) {
    d = document.getElementsByTagName('div');
    for (i = 0; i < d.length; i++) {
      if (d[i].className == 'log') {
        flip(d[i]);
      }
    }
  }
}

// -->
</script>

</head>
<body>
<h2 align='center'>WebAppTests</h2><table border='1' align="center">
<tr>
<td>Tests passed/Failed/Skipped:</td><td>3/1/0</td>
</tr><tr>
<td>Started on:</td><td>Sun Jan 22 12:43:27 IST 2023</td>
</tr>
<tr><td>Total time:</td><td>79 seconds (79409 ms)</td>
</tr><tr>
<td>Included groups:</td><td></td>
</tr><tr>
<td>Excluded groups:</td><td></td>
</tr>
</table><p/>
<small><i>(Hover the method name to see the test class name)</i></small><p/>
<table width='100%' border='1' class='invocation-failed'>
<tr><td colspan='4' align='center'><b>FAILED TESTS</b></td></tr>
<tr><td><b>Test method</b></td>
<td><b>Attribute(s)</b></td>
<td width="30%"><b>Exception</b></td>
<td width="10%"><b>Time (seconds)</b></td>
<td><b>Instance</b></td>
</tr>
<tr>
<td title='com.google.testRunners.TestRunner.runScenario()'><b>runScenario</b><br>Test class: com.google.testRunners.TestRunner<br>Test method: Runs Cucumber Scenarios<br>Parameters: "2 - Failure Scenario - Verify user is able to navigate to sign in page.", "As a user, I want to search current UTC time in google search engine."</td>
<td><div><pre>java.lang.AssertionError: expected [What is current time?] but found [What is today&apos;s date?]
	at com.google.steps.googlesearch.GoogleSearchSteps.verify_incorrect_search_text_failure_assertion(GoogleSearchSteps.java:52)
	at ?.Verify User should see incorrect search text in the search box - Failure Assertion(file:///D:/Automation_Frameworks/Web_UI_Automation_BDD_POM_Framework/src/test/resources/features/googlesearch/GoogleSearch.feature:12)
... Removed 6 stack frames</pre></div><a href='#' onClick='toggleBox("stack-trace1009125794", this, "Click to show all stack frames", "Click to hide stack frames")'>Click to show all stack frames</a>
<div class='stack-trace' id='stack-trace1009125794'><pre>java.lang.AssertionError: expected [What is current time?] but found [What is today&apos;s date?]
	at org.testng.Assert.fail(Assert.java:110)
	at org.testng.Assert.failNotEquals(Assert.java:1413)
	at org.testng.Assert.assertEqualsImpl(Assert.java:149)
	at org.testng.Assert.assertEquals(Assert.java:131)
	at org.testng.Assert.assertEquals(Assert.java:655)
	at org.testng.Assert.assertEquals(Assert.java:665)
	at com.google.steps.googlesearch.GoogleSearchSteps.verify_incorrect_search_text_failure_assertion(GoogleSearchSteps.java:52)
	at ?.Verify User should see incorrect search text in the search box - Failure Assertion(file:///D:/Automation_Frameworks/Web_UI_Automation_BDD_POM_Framework/src/test/resources/features/googlesearch/GoogleSearch.feature:12)
</pre></div></td>
<td>53</td>
<td>com.google.testRunners.TestRunner@65fb9ffc</td></tr>
</table><p>
<table width='100%' border='1' class='invocation-passed'>
<tr><td colspan='4' align='center'><b>PASSED TESTS</b></td></tr>
<tr><td><b>Test method</b></td>
<td><b>Attribute(s)</b></td>
<td width="30%"><b>Exception</b></td>
<td width="10%"><b>Time (seconds)</b></td>
<td><b>Instance</b></td>
</tr>
<tr>
<td title='com.google.testRunners.TestRunner.runScenario()'><b>runScenario</b><br>Test class: com.google.testRunners.TestRunner<br>Test method: Runs Cucumber Scenarios<br>Parameters: "4 Verify user is able to search current UTC time in google search.", "As a user, I want to search current UTC time in google search engine."</td>
<td></td>
<td>24</td>
<td>com.google.testRunners.TestRunner@65fb9ffc</td></tr>
<tr>
<td title='com.google.testRunners.TestRunner.runScenario()'><b>runScenario</b><br>Test class: com.google.testRunners.TestRunner<br>Test method: Runs Cucumber Scenarios<br>Parameters: "3 Verify user is able to search current UTC time in google search.", "As a user, I want to search current UTC time in google search engine."</td>
<td></td>
<td>22</td>
<td>com.google.testRunners.TestRunner@65fb9ffc</td></tr>
<tr>
<td title='com.google.testRunners.TestRunner.runScenario()'><b>runScenario</b><br>Test class: com.google.testRunners.TestRunner<br>Test method: Runs Cucumber Scenarios<br>Parameters: "1 Verify user is able to search current UTC time in google search.", "As a user, I want to search current UTC time in google search engine."</td>
<td></td>
<td>52</td>
<td>com.google.testRunners.TestRunner@65fb9ffc</td></tr>
</table><p>
</body>
</html>