<?xml version="1.0" encoding="UTF-8"?>
<testng-results ignored="0" total="4" passed="3" failed="1" skipped="0">
  <reporter-output>
  </reporter-output>
  <suite started-at="2023-01-22T12:43:27 IST" name="TestNGReport" finished-at="2023-01-22T12:44:47 IST" duration-ms="79409">
    <groups>
      <group name="cucumber">
        <method signature="AbstractTestNGCucumberTests.runScenario(io.cucumber.testng.PickleWrapper,io.cucumber.testng.FeatureWrapper)[pri:0, instance:com.google.testRunners.TestRunner@65fb9ffc]" name="runScenario" class="io.cucumber.testng.AbstractTestNGCucumberTests"/>
      </group> <!-- cucumber -->
    </groups>
    <test started-at="2023-01-22T12:43:27 IST" name="WebAppTests" finished-at="2023-01-22T12:44:47 IST" duration-ms="79409">
      <class name="com.google.testRunners.TestRunner">
        <test-method is-config="true" signature="setUpClass(org.testng.ITestContext)[pri:0, instance:com.google.testRunners.TestRunner@65fb9ffc]" started-at="2023-01-22T12:43:27 IST" name="setUpClass" finished-at="2023-01-22T12:43:28 IST" duration-ms="359" status="PASS">
          <params>
            <param index="0">
              <value>
                <![CDATA[org.testng.TestRunner@568ff82]]>
              </value>
            </param>
          </params>
          <reporter-output>
          </reporter-output>
        </test-method> <!-- setUpClass -->
        <test-method signature="runScenario(io.cucumber.testng.PickleWrapper,io.cucumber.testng.FeatureWrapper)[pri:0, instance:com.google.testRunners.TestRunner@65fb9ffc]" started-at="2023-01-22T12:43:28 IST" name="runScenario" description="Runs Cucumber Scenarios" data-provider="scenarios" finished-at="2023-01-22T12:44:21 IST" duration-ms="52961" status="PASS">
          <params>
            <param index="0">
              <value>
                <![CDATA["1 Verify user is able to search current UTC time in google search."]]>
              </value>
            </param>
            <param index="1">
              <value>
                <![CDATA["As a user, I want to search current UTC time in google search engine."]]>
              </value>
            </param>
          </params>
          <reporter-output>
          </reporter-output>
        </test-method> <!-- runScenario -->
        <test-method signature="runScenario(io.cucumber.testng.PickleWrapper,io.cucumber.testng.FeatureWrapper)[pri:0, instance:com.google.testRunners.TestRunner@65fb9ffc]" started-at="2023-01-22T12:43:28 IST" name="runScenario" description="Runs Cucumber Scenarios" data-provider="scenarios" finished-at="2023-01-22T12:44:21 IST" duration-ms="53569" status="FAIL">
          <params>
            <param index="0">
              <value>
                <![CDATA["2 - Failure Scenario - Verify user is able to navigate to sign in page."]]>
              </value>
            </param>
            <param index="1">
              <value>
                <![CDATA["As a user, I want to search current UTC time in google search engine."]]>
              </value>
            </param>
          </params>
          <exception class="java.lang.AssertionError">
            <message>
              <![CDATA[expected [What is current time?] but found [What is today's date?]]]>
            </message>
            <full-stacktrace>
              <![CDATA[java.lang.AssertionError: expected [What is current time?] but found [What is today's date?]
at org.testng.Assert.fail(Assert.java:110)
at org.testng.Assert.failNotEquals(Assert.java:1413)
at org.testng.Assert.assertEqualsImpl(Assert.java:149)
at org.testng.Assert.assertEquals(Assert.java:131)
at org.testng.Assert.assertEquals(Assert.java:655)
at org.testng.Assert.assertEquals(Assert.java:665)
at com.google.steps.googlesearch.GoogleSearchSteps.verify_incorrect_search_text_failure_assertion(GoogleSearchSteps.java:52)
at âœ½.Verify User should see incorrect search text in the search box - Failure Assertion(file:///D:/Automation_Frameworks/Web_UI_Automation_BDD_POM_Framework/src/test/resources/features/googlesearch/GoogleSearch.feature:12)
]]>
            </full-stacktrace>
          </exception> <!-- java.lang.AssertionError -->
          <reporter-output>
          </reporter-output>
        </test-method> <!-- runScenario -->
        <test-method signature="runScenario(io.cucumber.testng.PickleWrapper,io.cucumber.testng.FeatureWrapper)[pri:0, instance:com.google.testRunners.TestRunner@65fb9ffc]" started-at="2023-01-22T12:44:21 IST" name="runScenario" description="Runs Cucumber Scenarios" data-provider="scenarios" finished-at="2023-01-22T12:44:44 IST" duration-ms="22936" status="PASS">
          <params>
            <param index="0">
              <value>
                <![CDATA["3 Verify user is able to search current UTC time in google search."]]>
              </value>
            </param>
            <param index="1">
              <value>
                <![CDATA["As a user, I want to search current UTC time in google search engine."]]>
              </value>
            </param>
          </params>
          <reporter-output>
          </reporter-output>
        </test-method> <!-- runScenario -->
        <test-method signature="runScenario(io.cucumber.testng.PickleWrapper,io.cucumber.testng.FeatureWrapper)[pri:0, instance:com.google.testRunners.TestRunner@65fb9ffc]" started-at="2023-01-22T12:44:21 IST" name="runScenario" description="Runs Cucumber Scenarios" data-provider="scenarios" finished-at="2023-01-22T12:44:46 IST" duration-ms="24956" status="PASS">
          <params>
            <param index="0">
              <value>
                <![CDATA["4 Verify user is able to search current UTC time in google search."]]>
              </value>
            </param>
            <param index="1">
              <value>
                <![CDATA["As a user, I want to search current UTC time in google search engine."]]>
              </value>
            </param>
          </params>
          <reporter-output>
          </reporter-output>
        </test-method> <!-- runScenario -->
        <test-method is-config="true" signature="tearDownClass()[pri:0, instance:com.google.testRunners.TestRunner@65fb9ffc]" started-at="2023-01-22T12:44:46 IST" name="tearDownClass" finished-at="2023-01-22T12:44:47 IST" duration-ms="464" status="PASS">
          <reporter-output>
          </reporter-output>
        </test-method> <!-- tearDownClass -->
        <test-method is-config="true" signature="tearDown()[pri:0, instance:com.google.testRunners.TestRunner@65fb9ffc]" started-at="2023-01-22T12:44:47 IST" name="tearDown" finished-at="2023-01-22T12:44:47 IST" duration-ms="0" status="PASS">
          <reporter-output>
          </reporter-output>
        </test-method> <!-- tearDown -->
      </class> <!-- com.google.testRunners.TestRunner -->
    </test> <!-- WebAppTests -->
  </suite> <!-- TestNGReport -->
</testng-results>
