<?xml version="1.0" encoding="UTF-8"?>
<!-- Generated by org.testng.reporters.JUnitReportReporter -->
<testsuite hostname="Maulik" failures="1" tests="4" name="com.google.testRunners.TestRunner" time="154.422" errors="0" timestamp="2023-01-22T12:44:47 IST" skipped="0">
  <testcase classname="com.google.testRunners.TestRunner" name="runScenario" time="24.956"/>
  <system-out/>
  <testcase classname="com.google.testRunners.TestRunner" name="runScenario" time="53.569">
    <failure message="expected [What is current time?] but found [What is today&#039;s date?]" type="java.lang.AssertionError">
      <![CDATA[java.lang.AssertionError: expected [What is current time?] but found [What is today's date?]
at org.testng.Assert.fail(Assert.java:110)
at org.testng.Assert.failNotEquals(Assert.java:1413)
at org.testng.Assert.assertEqualsImpl(Assert.java:149)
at org.testng.Assert.assertEquals(Assert.java:131)
at org.testng.Assert.assertEquals(Assert.java:655)
at org.testng.Assert.assertEquals(Assert.java:665)
at com.google.steps.googlesearch.GoogleSearchSteps.verify_incorrect_search_text_failure_assertion(GoogleSearchSteps.java:52)
at âœ½.Verify User should see incorrect search text in the search box - Failure Assertion(file:///D:/Automation_Frameworks/Web_UI_Automation_BDD_POM_Framework/src/test/resources/features/googlesearch/GoogleSearch.feature:12)
]]>
    </failure>
  </testcase> <!-- runScenario -->
  <system-out/>
  <testcase classname="com.google.testRunners.TestRunner" name="runScenario" time="22.936"/>
  <system-out/>
  <testcase classname="com.google.testRunners.TestRunner" name="runScenario" time="52.961"/>
  <system-out/>
</testsuite> <!-- com.google.testRunners.TestRunner -->
